<?xml version="1.0" encoding="UTF-8"?>
<!-- Generated by org.testng.reporters.JUnitReportReporter -->
<testsuite hostname="DESKTOP-S2QR9LR" failures="0" tests="1" name="com.test.testng.TestCalc" time="0.019" errors="0" timestamp="27 Jan 2024 17:01:22 GMT">
  <testcase classname="com.test.testng.TestCalc" name="testAdd" time="0.019"/>
</testsuite> <!-- com.test.testng.TestCalc -->
